#
# There is insufficient memory for the Java Runtime Environment to continue.
# Native memory allocation (mmap) failed to map 327155712 bytes for Failed to commit area from 0x0000000712400000 to 0x0000000725c00000 of length 327155712.
# Possible reasons:
#   The system is out of physical RAM or swap space
#   The process is running with CompressedOops enabled, and the Java Heap may be blocking the growth of the native heap
# Possible solutions:
#   Reduce memory load on the system
#   Increase physical memory or swap space
#   Check if swap backing store is full
#   Decrease Java heap size (-Xmx/-Xms)
#   Decrease number of Java threads
#   Decrease Java thread stack sizes (-Xss)
#   Set larger code cache with -XX:ReservedCodeCacheSize=
#   JVM is running with Zero Based Compressed Oops mode in which the Java heap is
#     placed in the first 32GB address space. The Java Heap base address is the
#     maximum limit for the native heap growth. Please use -XX:HeapBaseMinAddress
#     to set the Java Heap base and to place the Java Heap above 32GB virtual address.
# This output file may be truncated or incomplete.
#
#  Out of Memory Error (./open/src/hotspot/os/windows/os_windows.cpp:3315), pid=16232, tid=16272
#
# JRE version: Java(TM) SE Runtime Environment (14.0.1+7) (build 14.0.1+7)
# Java VM: Java HotSpot(TM) 64-Bit Server VM (14.0.1+7, mixed mode, sharing, tiered, compressed oops, g1 gc, windows-amd64)
# No core dump will be written. Minidumps are not enabled by default on client versions of Windows
#

---------------  S U M M A R Y ------------

Command Line: -Dfile.encoding=Cp1252 sources.Pruebas

Host: Intel(R) Core(TM) i7-9750H CPU @ 2.60GHz, 12 cores, 15G,  Windows 10 , 64 bit Build 18362 (10.0.18362.778)
Time: Thu May 21 14:26:24 2020 Hora de verano romance elapsed time: 1 seconds (0d 0h 0m 1s)

---------------  T H R E A D  ---------------

Current thread (0x0000020ad0abc800):  VMThread "VM Thread" [stack: 0x0000009af4a00000,0x0000009af4b00000] [id=16272]

Stack: [0x0000009af4a00000,0x0000009af4b00000]
[error occurred during error reporting (printing stack bounds), id 0xc0000005, EXCEPTION_ACCESS_VIOLATION (0xc0000005) at pc=0x0000020ab51010ad]

Native frames: (J=compiled Java code, j=interpreted, Vv=VM code, C=native code)
V  [jvm.dll+0x5f840a]
V  [jvm.dll+0x741e4a]
V  [jvm.dll+0x7435ff]
V  [jvm.dll+0x743ba5]
V  [jvm.dll+0x743b5b]
V  [jvm.dll+0x5f793f]
V  [jvm.dll+0x5f80a8]
C  [ntdll.dll+0xa11cf]
C  [ntdll.dll+0x6a209]
C  [ntdll.dll+0x9fe3e]
C  0x0000020ab51010ad

VM_Operation (0x0000009af44fe290): G1CollectForAllocation, mode: safepoint, requested by thread 0x0000020aac95e800


---------------  P R O C E S S  ---------------

Threads class SMR info:
_java_thread_list=0x0000020ad14cbc70, length=13, elements={
0x0000020aac95e800, 0x0000020ad0ac3800, 0x0000020ad0ac5800, 0x0000020ad136b000,
0x0000020ad136e000, 0x0000020ad1372800, 0x0000020ad137e800, 0x0000020ad1382800,
0x0000020ad138e800, 0x0000020ad14bf800, 0x0000020ad14bc800, 0x0000020ad193b000,
0x0000020ad1ec7000
}

Java Threads: ( => current thread )
  0x0000020aac95e800 JavaThread "main" [_thread_blocked, id=16244, stack(0x0000009af4400000,0x0000009af4500000)]
  0x0000020ad0ac3800 JavaThread "Reference Handler" daemon [_thread_blocked, id=16276, stack(0x0000009af4b00000,0x0000009af4c00000)]
  0x0000020ad0ac5800 JavaThread "Finalizer" daemon [_thread_blocked, id=16280, stack(0x0000009af4c00000,0x0000009af4d00000)]
  0x0000020ad136b000 JavaThread "Signal Dispatcher" daemon [_thread_blocked, id=16288, stack(0x0000009af4d00000,0x0000009af4e00000)]
  0x0000020ad136e000 JavaThread "Attach Listener" daemon [_thread_blocked, id=16292, stack(0x0000009af4e00000,0x0000009af4f00000)]
  0x0000020ad1372800 JavaThread "Service Thread" daemon [_thread_blocked, id=16296, stack(0x0000009af4f00000,0x0000009af5000000)]
  0x0000020ad137e800 JavaThread "C2 CompilerThread0" daemon [_thread_in_native, id=16300, stack(0x0000009af5000000,0x0000009af5100000)]
  0x0000020ad1382800 JavaThread "C1 CompilerThread0" daemon [_thread_blocked, id=16304, stack(0x0000009af5100000,0x0000009af5200000)]
  0x0000020ad138e800 JavaThread "Sweeper thread" daemon [_thread_blocked, id=16308, stack(0x0000009af5200000,0x0000009af5300000)]
  0x0000020ad14bf800 JavaThread "Notification Thread" daemon [_thread_blocked, id=16312, stack(0x0000009af5300000,0x0000009af5400000)]
  0x0000020ad14bc800 JavaThread "Common-Cleaner" daemon [_thread_blocked, id=16320, stack(0x0000009af5500000,0x0000009af5600000)]
  0x0000020ad193b000 JavaThread "C2 CompilerThread1" daemon [_thread_in_native, id=16328, stack(0x0000009af5600000,0x0000009af5700000)]
  0x0000020ad1ec7000 JavaThread "C2 CompilerThread2" daemon [_thread_in_native, id=16336, stack(0x0000009af5700000,0x0000009af5800000)]

Other Threads:
=>0x0000020ad0abc800 VMThread "VM Thread" [stack: 0x0000009af4a00000,0x0000009af4b00000] [id=16272]
  0x0000020ad14c7800 WatcherThread [stack: 0x0000009af5400000,0x0000009af5500000] [id=16316]
  0x0000020aac9c8000 GCTaskThread "GC Thread#0" [stack: 0x0000009af4500000,0x0000009af4600000] [id=16248]
  0x0000020ad1eb6800 GCTaskThread "GC Thread#1" [stack: 0x0000009af5800000,0x0000009af5900000] [id=16340]
  0x0000020ad1b3e800 GCTaskThread "GC Thread#2" [stack: 0x0000009af5900000,0x0000009af5a00000] [id=16344]
  0x0000020ad1e13000 GCTaskThread "GC Thread#3" [stack: 0x0000009af5a00000,0x0000009af5b00000] [id=16348]
  0x0000020ad1a22800 GCTaskThread "GC Thread#4" [stack: 0x0000009af5b00000,0x0000009af5c00000] [id=16352]
  0x0000020ad197c000 GCTaskThread "GC Thread#5" [stack: 0x0000009af5c00000,0x0000009af5d00000] [id=16356]
  0x0000020aac9ea000 ConcurrentGCThread "G1 Main Marker" [stack: 0x0000009af4600000,0x0000009af4700000] [id=16252]
  0x0000020aac9eb000 ConcurrentGCThread "G1 Conc#0" [stack: 0x0000009af4700000,0x0000009af4800000] [id=16256]
  0x0000020ad09ad000 ConcurrentGCThread "G1 Refine#0" [stack: 0x0000009af4800000,0x0000009af4900000] [id=16264]
  0x0000020ad215e000 ConcurrentGCThread "G1 Refine#1" [stack: 0x0000009af5d00000,0x0000009af5e00000] [id=16364]
  0x0000020ad1fee000 ConcurrentGCThread "G1 Refine#2" [stack: 0x0000009af5e00000,0x0000009af5f00000] [id=16368]
  0x0000020ad210a800 ConcurrentGCThread "G1 Refine#3" [stack: 0x0000009af5f00000,0x0000009af6000000] [id=16372]
  0x0000020ad1e1c000 ConcurrentGCThread "G1 Refine#4" [stack: 0x0000009af6000000,0x0000009af6100000] [id=16376]
  0x0000020ad1f7a000 ConcurrentGCThread "G1 Refine#5" [stack: 0x0000009af6100000,0x0000009af6200000] [id=16380]
  0x0000020ad1f7a800 ConcurrentGCThread "G1 Refine#6" [stack: 0x0000009af6200000,0x0000009af6300000] [id=14700]
  0x0000020ad1b2e000 ConcurrentGCThread "G1 Refine#7" [stack: 0x0000009af6300000,0x0000009af6400000] [id=15600]
  0x0000020ad1b2f000 ConcurrentGCThread "G1 Refine#8" [stack: 0x0000009af6400000,0x0000009af6500000] [id=15012]
  0x0000020ad1b2f800 ConcurrentGCThread "G1 Refine#9" [stack: 0x0000009af6500000,0x0000009af6600000] [id=15608]
  0x0000020ad09ae000 ConcurrentGCThread "G1 Young RemSet Sampling" [stack: 0x0000009af4900000,0x0000009af4a00000] [id=16268]

Threads with active compile tasks:
C2 CompilerThread0     1463  140       4       sources.State::horse_movement (1585 bytes)
C2 CompilerThread1     1463  139       4       sources.State::rook_movement (1457 bytes)
C2 CompilerThread2     1463  135       4       sources.State::pawn_movement (913 bytes)

VM state:at safepoint (normal execution)

VM Mutex/Monitor currently owned by a thread:  ([mutex/lock_event])
[0x0000020aac95bfd0] Threads_lock - owner thread: 0x0000020ad0abc800
[0x0000020aac95bb50] Heap_lock - owner thread: 0x0000020aac95e800

Heap address: 0x0000000702600000, size: 4058 MB, Compressed Oops mode: Zero based, Oop shift amount: 3
Narrow klass base: 0x0000000800000000, Narrow klass shift: 3
Compressed class space size: 1073741824 Address: 0x0000000800b30000

Heap:
 garbage-first heap   total 579584K, used 97280K [0x0000000702600000, 0x0000000800000000)
  region size 1024K, 6 young (6144K), 6 survivors (6144K)
 Metaspace       used 370K, capacity 4626K, committed 4864K, reserved 1056768K
  class space    used 14K, capacity 386K, committed 512K, reserved 1048576K
Heap Regions: E=young(eden), S=young(survivor), O=old, HS=humongous(starts), HC=humongous(continues), CS=collection set, F=free, OA=open archive, CA=closed archive, TAMS=top-at-mark-start (previous, next)
|   0|0x0000000702600000, 0x0000000702700000, 0x0000000702700000|100%| O|  |TAMS 0x0000000702600000, 0x0000000702600000| Untracked 
|   1|0x0000000702700000, 0x0000000702800000, 0x0000000702800000|100%| O|  |TAMS 0x0000000702700000, 0x0000000702700000| Untracked 
|   2|0x0000000702800000, 0x0000000702900000, 0x0000000702900000|100%| O|  |TAMS 0x0000000702800000, 0x0000000702800000| Untracked 
|   3|0x0000000702900000, 0x0000000702a00000, 0x0000000702a00000|100%| O|  |TAMS 0x0000000702900000, 0x0000000702900000| Untracked 
|   4|0x0000000702a00000, 0x0000000702b00000, 0x0000000702b00000|100%| O|  |TAMS 0x0000000702a00000, 0x0000000702a00000| Untracked 
|   5|0x0000000702b00000, 0x0000000702c00000, 0x0000000702c00000|100%| O|  |TAMS 0x0000000702b00000, 0x0000000702b00000| Untracked 
|   6|0x0000000702c00000, 0x0000000702d00000, 0x0000000702d00000|100%| O|  |TAMS 0x0000000702c00000, 0x0000000702c00000| Untracked 
|   7|0x0000000702d00000, 0x0000000702e00000, 0x0000000702e00000|100%| O|  |TAMS 0x0000000702d00000, 0x0000000702d00000| Untracked 
|   8|0x0000000702e00000, 0x0000000702f00000, 0x0000000702f00000|100%| O|  |TAMS 0x0000000702e00000, 0x0000000702e00000| Untracked 
|   9|0x0000000702f00000, 0x0000000703000000, 0x0000000703000000|100%| O|  |TAMS 0x0000000702f00000, 0x0000000702f00000| Untracked 
|  10|0x0000000703000000, 0x0000000703100000, 0x0000000703100000|100%| O|  |TAMS 0x0000000703000000, 0x0000000703000000| Untracked 
|  11|0x0000000703100000, 0x0000000703200000, 0x0000000703200000|100%| O|  |TAMS 0x0000000703100000, 0x0000000703100000| Untracked 
|  12|0x0000000703200000, 0x0000000703300000, 0x0000000703300000|100%| O|  |TAMS 0x0000000703200000, 0x0000000703200000| Untracked 
|  13|0x0000000703300000, 0x0000000703400000, 0x0000000703400000|100%| O|  |TAMS 0x0000000703300000, 0x0000000703300000| Untracked 
|  14|0x0000000703400000, 0x0000000703500000, 0x0000000703500000|100%| O|  |TAMS 0x0000000703400000, 0x0000000703400000| Untracked 
|  15|0x0000000703500000, 0x0000000703600000, 0x0000000703600000|100%| O|  |TAMS 0x0000000703500000, 0x0000000703500000| Untracked 
|  16|0x0000000703600000, 0x0000000703700000, 0x0000000703700000|100%| O|  |TAMS 0x0000000703600000, 0x0000000703600000| Untracked 
|  17|0x0000000703700000, 0x0000000703800000, 0x0000000703800000|100%| O|  |TAMS 0x0000000703700000, 0x0000000703700000| Untracked 
|  18|0x0000000703800000, 0x0000000703900000, 0x0000000703900000|100%| O|  |TAMS 0x0000000703800000, 0x0000000703800000| Untracked 
|  19|0x0000000703900000, 0x0000000703a00000, 0x0000000703a00000|100%| O|  |TAMS 0x0000000703900000, 0x0000000703900000| Untracked 
|  20|0x0000000703a00000, 0x0000000703b00000, 0x0000000703b00000|100%| O|  |TAMS 0x0000000703a00000, 0x0000000703a00000| Untracked 
|  21|0x0000000703b00000, 0x0000000703c00000, 0x0000000703c00000|100%| O|  |TAMS 0x0000000703b00000, 0x0000000703b00000| Untracked 
|  22|0x0000000703c00000, 0x0000000703d00000, 0x0000000703d00000|100%| O|  |TAMS 0x0000000703c00000, 0x0000000703c00000| Untracked 
|  23|0x0000000703d00000, 0x0000000703e00000, 0x0000000703e00000|100%| O|  |TAMS 0x0000000703d00000, 0x0000000703d00000| Untracked 
|  24|0x0000000703e00000, 0x0000000703f00000, 0x0000000703f00000|100%| O|  |TAMS 0x0000000703e00000, 0x0000000703e00000| Untracked 
|  25|0x0000000703f00000, 0x0000000704000000, 0x0000000704000000|100%| O|  |TAMS 0x0000000703f00000, 0x0000000703f00000| Untracked 
|  26|0x0000000704000000, 0x0000000704100000, 0x0000000704100000|100%| O|  |TAMS 0x0000000704000000, 0x0000000704000000| Untracked 
|  27|0x0000000704100000, 0x0000000704200000, 0x0000000704200000|100%| O|  |TAMS 0x0000000704100000, 0x0000000704100000| Untracked 
|  28|0x0000000704200000, 0x0000000704300000, 0x0000000704300000|100%| O|  |TAMS 0x0000000704200000, 0x0000000704200000| Untracked 
|  29|0x0000000704300000, 0x0000000704400000, 0x0000000704400000|100%| O|  |TAMS 0x0000000704300000, 0x0000000704300000| Untracked 
|  30|0x0000000704400000, 0x0000000704500000, 0x0000000704500000|100%| O|  |TAMS 0x0000000704400000, 0x0000000704400000| Untracked 
|  31|0x0000000704500000, 0x0000000704600000, 0x0000000704600000|100%| O|  |TAMS 0x0000000704500000, 0x0000000704500000| Untracked 
|  32|0x0000000704600000, 0x0000000704700000, 0x0000000704700000|100%| O|  |TAMS 0x0000000704600000, 0x0000000704600000| Untracked 
|  33|0x0000000704700000, 0x0000000704800000, 0x0000000704800000|100%| O|  |TAMS 0x0000000704700000, 0x0000000704700000| Untracked 
|  34|0x0000000704800000, 0x0000000704900000, 0x0000000704900000|100%| O|  |TAMS 0x0000000704800000, 0x0000000704800000| Untracked 
|  35|0x0000000704900000, 0x0000000704a00000, 0x0000000704a00000|100%| O|  |TAMS 0x0000000704900000, 0x0000000704900000| Untracked 
|  36|0x0000000704a00000, 0x0000000704b00000, 0x0000000704b00000|100%| O|  |TAMS 0x0000000704a00000, 0x0000000704a00000| Untracked 
|  37|0x0000000704b00000, 0x0000000704c00000, 0x0000000704c00000|100%| O|  |TAMS 0x0000000704b00000, 0x0000000704b00000| Untracked 
|  38|0x0000000704c00000, 0x0000000704d00000, 0x0000000704d00000|100%| O|  |TAMS 0x0000000704c00000, 0x0000000704c00000| Untracked 
|  39|0x0000000704d00000, 0x0000000704e00000, 0x0000000704e00000|100%| O|  |TAMS 0x0000000704d00000, 0x0000000704d00000| Untracked 
|  40|0x0000000704e00000, 0x0000000704f00000, 0x0000000704f00000|100%| O|  |TAMS 0x0000000704e00000, 0x0000000704e00000| Untracked 
|  41|0x0000000704f00000, 0x0000000705000000, 0x0000000705000000|100%| O|  |TAMS 0x0000000704f00000, 0x0000000704f00000| Untracked 
|  42|0x0000000705000000, 0x0000000705100000, 0x0000000705100000|100%| O|  |TAMS 0x0000000705000000, 0x0000000705000000| Untracked 
|  43|0x0000000705100000, 0x0000000705200000, 0x0000000705200000|100%| O|  |TAMS 0x0000000705100000, 0x0000000705100000| Untracked 
|  44|0x0000000705200000, 0x0000000705300000, 0x0000000705300000|100%| O|  |TAMS 0x0000000705200000, 0x0000000705200000| Untracked 
|  45|0x0000000705300000, 0x0000000705400000, 0x0000000705400000|100%| O|  |TAMS 0x0000000705300000, 0x0000000705300000| Untracked 
|  46|0x0000000705400000, 0x0000000705500000, 0x0000000705500000|100%| O|  |TAMS 0x0000000705400000, 0x0000000705400000| Untracked 
|  47|0x0000000705500000, 0x0000000705600000, 0x0000000705600000|100%| O|  |TAMS 0x0000000705500000, 0x0000000705500000| Untracked 
|  48|0x0000000705600000, 0x0000000705700000, 0x0000000705700000|100%| O|  |TAMS 0x0000000705600000, 0x0000000705600000| Untracked 
|  49|0x0000000705700000, 0x0000000705800000, 0x0000000705800000|100%| O|  |TAMS 0x0000000705700000, 0x0000000705700000| Untracked 
|  50|0x0000000705800000, 0x0000000705900000, 0x0000000705900000|100%| O|  |TAMS 0x0000000705800000, 0x0000000705800000| Untracked 
|  51|0x0000000705900000, 0x0000000705a00000, 0x0000000705a00000|100%| O|  |TAMS 0x0000000705900000, 0x0000000705900000| Untracked 
|  52|0x0000000705a00000, 0x0000000705b00000, 0x0000000705b00000|100%| O|  |TAMS 0x0000000705a00000, 0x0000000705a00000| Untracked 
|  53|0x0000000705b00000, 0x0000000705c00000, 0x0000000705c00000|100%| O|  |TAMS 0x0000000705b00000, 0x0000000705b00000| Untracked 
|  54|0x0000000705c00000, 0x0000000705d00000, 0x0000000705d00000|100%| O|  |TAMS 0x0000000705c00000, 0x0000000705c00000| Untracked 
|  55|0x0000000705d00000, 0x0000000705e00000, 0x0000000705e00000|100%| O|  |TAMS 0x0000000705d00000, 0x0000000705d00000| Untracked 
|  56|0x0000000705e00000, 0x0000000705f00000, 0x0000000705f00000|100%| O|  |TAMS 0x0000000705e00000, 0x0000000705e00000| Untracked 
|  57|0x0000000705f00000, 0x0000000706000000, 0x0000000706000000|100%| O|  |TAMS 0x0000000705f00000, 0x0000000705f00000| Untracked 
|  58|0x0000000706000000, 0x0000000706100000, 0x0000000706100000|100%| O|  |TAMS 0x0000000706000000, 0x0000000706000000| Untracked 
|  59|0x0000000706100000, 0x0000000706200000, 0x0000000706200000|100%| O|  |TAMS 0x0000000706100000, 0x0000000706100000| Untracked 
|  60|0x0000000706200000, 0x0000000706300000, 0x0000000706300000|100%|HS|  |TAMS 0x0000000706200000, 0x0000000706200000| Complete 
|  61|0x0000000706300000, 0x0000000706400000, 0x0000000706400000|100%| O|  |TAMS 0x0000000706300000, 0x0000000706300000| Untracked 
|  62|0x0000000706400000, 0x0000000706500000, 0x0000000706500000|100%| O|  |TAMS 0x0000000706400000, 0x0000000706400000| Untracked 
|  63|0x0000000706500000, 0x0000000706600000, 0x0000000706600000|100%| O|  |TAMS 0x0000000706500000, 0x0000000706500000| Untracked 
|  64|0x0000000706600000, 0x0000000706700000, 0x0000000706700000|100%| O|  |TAMS 0x0000000706600000, 0x0000000706600000| Untracked 
|  65|0x0000000706700000, 0x0000000706800000, 0x0000000706800000|100%| O|  |TAMS 0x0000000706700000, 0x0000000706700000| Untracked 
|  66|0x0000000706800000, 0x0000000706900000, 0x0000000706900000|100%| O|  |TAMS 0x0000000706800000, 0x0000000706800000| Untracked 
|  67|0x0000000706900000, 0x0000000706a00000, 0x0000000706a00000|100%| O|  |TAMS 0x0000000706900000, 0x0000000706900000| Untracked 
|  68|0x0000000706a00000, 0x0000000706b00000, 0x0000000706b00000|100%| O|  |TAMS 0x0000000706a00000, 0x0000000706a00000| Untracked 
|  69|0x0000000706b00000, 0x0000000706c00000, 0x0000000706c00000|100%| O|  |TAMS 0x0000000706b00000, 0x0000000706b00000| Untracked 
|  70|0x0000000706c00000, 0x0000000706d00000, 0x0000000706d00000|100%| O|  |TAMS 0x0000000706c00000, 0x0000000706c00000| Untracked 
|  71|0x0000000706d00000, 0x0000000706e00000, 0x0000000706e00000|100%| O|  |TAMS 0x0000000706d00000, 0x0000000706d00000| Untracked 
|  72|0x0000000706e00000, 0x0000000706f00000, 0x0000000706f00000|100%| O|  |TAMS 0x0000000706e00000, 0x0000000706e00000| Untracked 
|  73|0x0000000706f00000, 0x0000000707000000, 0x0000000707000000|100%| O|  |TAMS 0x0000000706f00000, 0x0000000706f00000| Untracked 
|  74|0x0000000707000000, 0x0000000707100000, 0x0000000707100000|100%| O|  |TAMS 0x0000000707000000, 0x0000000707000000| Untracked 
|  75|0x0000000707100000, 0x0000000707200000, 0x0000000707200000|100%| O|  |TAMS 0x0000000707100000, 0x0000000707100000| Untracked 
|  76|0x0000000707200000, 0x0000000707300000, 0x0000000707300000|100%| O|  |TAMS 0x0000000707200000, 0x0000000707200000| Untracked 
|  77|0x0000000707300000, 0x0000000707400000, 0x0000000707400000|100%| O|  |TAMS 0x0000000707300000, 0x0000000707300000| Untracked 
|  78|0x0000000707400000, 0x0000000707500000, 0x0000000707500000|100%| O|  |TAMS 0x0000000707400000, 0x0000000707400000| Untracked 
|  79|0x0000000707500000, 0x0000000707600000, 0x0000000707600000|100%| O|  |TAMS 0x0000000707500000, 0x0000000707500000| Untracked 
|  80|0x0000000707600000, 0x0000000707700000, 0x0000000707700000|100%| O|  |TAMS 0x0000000707600000, 0x0000000707600000| Untracked 
|  81|0x0000000707700000, 0x0000000707800000, 0x0000000707800000|100%| O|  |TAMS 0x0000000707700000, 0x0000000707700000| Untracked 
|  82|0x0000000707800000, 0x0000000707900000, 0x0000000707900000|100%| O|  |TAMS 0x0000000707800000, 0x0000000707800000| Untracked 
|  83|0x0000000707900000, 0x0000000707a00000, 0x0000000707a00000|100%| O|  |TAMS 0x0000000707900000, 0x0000000707900000| Untracked 
|  84|0x0000000707a00000, 0x0000000707b00000, 0x0000000707b00000|100%| O|  |TAMS 0x0000000707a00000, 0x0000000707a00000| Untracked 
|  85|0x0000000707b00000, 0x0000000707c00000, 0x0000000707c00000|100%| O|  |TAMS 0x0000000707b00000, 0x0000000707b00000| Untracked 
|  86|0x0000000707c00000, 0x0000000707d00000, 0x0000000707d00000|100%| O|  |TAMS 0x0000000707c00000, 0x0000000707c00000| Untracked 
|  87|0x0000000707d00000, 0x0000000707e00000, 0x0000000707e00000|100%| O|  |TAMS 0x0000000707d00000, 0x0000000707d00000| Untracked 
|  88|0x0000000707e00000, 0x0000000707f00000, 0x0000000707f00000|100%| O|  |TAMS 0x0000000707e00000, 0x0000000707e00000| Untracked 
|  89|0x0000000707f00000, 0x0000000707f00000, 0x0000000708000000|  0%| F|  |TAMS 0x0000000707f00000, 0x0000000707f00000| Untracked 
|  90|0x0000000708000000, 0x0000000708000000, 0x0000000708100000|  0%| F|  |TAMS 0x0000000708000000, 0x0000000708000000| Untracked 
|  91|0x0000000708100000, 0x0000000708100000, 0x0000000708200000|  0%| F|  |TAMS 0x0000000708100000, 0x0000000708100000| Untracked 
|  92|0x0000000708200000, 0x0000000708200000, 0x0000000708300000|  0%| F|  |TAMS 0x0000000708200000, 0x0000000708200000| Untracked 
|  93|0x0000000708300000, 0x0000000708300000, 0x0000000708400000|  0%| F|  |TAMS 0x0000000708300000, 0x0000000708300000| Untracked 
|  94|0x0000000708400000, 0x0000000708400000, 0x0000000708500000|  0%| F|  |TAMS 0x0000000708400000, 0x0000000708400000| Untracked 
|  95|0x0000000708500000, 0x0000000708500000, 0x0000000708600000|  0%| F|  |TAMS 0x0000000708500000, 0x0000000708500000| Untracked 
|  96|0x0000000708600000, 0x0000000708600000, 0x0000000708700000|  0%| F|  |TAMS 0x0000000708600000, 0x0000000708600000| Untracked 
|  97|0x0000000708700000, 0x0000000708700000, 0x0000000708800000|  0%| F|  |TAMS 0x0000000708700000, 0x0000000708700000| Untracked 
|  98|0x0000000708800000, 0x0000000708800000, 0x0000000708900000|  0%| F|  |TAMS 0x0000000708800000, 0x0000000708800000| Untracked 
|  99|0x0000000708900000, 0x0000000708900000, 0x0000000708a00000|  0%| F|  |TAMS 0x0000000708900000, 0x0000000708900000| Untracked 
| 100|0x0000000708a00000, 0x0000000708a00000, 0x0000000708b00000|  0%| F|  |TAMS 0x0000000708a00000, 0x0000000708a00000| Untracked 
| 101|0x0000000708b00000, 0x0000000708b00000, 0x0000000708c00000|  0%| F|  |TAMS 0x0000000708b00000, 0x0000000708b00000| Untracked 
| 102|0x0000000708c00000, 0x0000000708c00000, 0x0000000708d00000|  0%| F|  |TAMS 0x0000000708c00000, 0x0000000708c00000| Untracked 
| 103|0x0000000708d00000, 0x0000000708d00000, 0x0000000708e00000|  0%| F|  |TAMS 0x0000000708d00000, 0x0000000708d00000| Untracked 
| 104|0x0000000708e00000, 0x0000000708e00000, 0x0000000708f00000|  0%| F|  |TAMS 0x0000000708e00000, 0x0000000708e00000| Untracked 
| 105|0x0000000708f00000, 0x0000000708f00000, 0x0000000709000000|  0%| F|  |TAMS 0x0000000708f00000, 0x0000000708f00000| Untracked 
| 106|0x0000000709000000, 0x0000000709000000, 0x0000000709100000|  0%| F|  |TAMS 0x0000000709000000, 0x0000000709000000| Untracked 
| 107|0x0000000709100000, 0x0000000709100000, 0x0000000709200000|  0%| F|  |TAMS 0x0000000709100000, 0x0000000709100000| Untracked 
| 108|0x0000000709200000, 0x0000000709200000, 0x0000000709300000|  0%| F|  |TAMS 0x0000000709200000, 0x0000000709200000| Untracked 
| 109|0x0000000709300000, 0x0000000709300000, 0x0000000709400000|  0%| F|  |TAMS 0x0000000709300000, 0x0000000709300000| Untracked 
| 110|0x0000000709400000, 0x0000000709400000, 0x0000000709500000|  0%| F|  |TAMS 0x0000000709400000, 0x0000000709400000| Untracked 
| 111|0x0000000709500000, 0x0000000709500000, 0x0000000709600000|  0%| F|  |TAMS 0x0000000709500000, 0x0000000709500000| Untracked 
| 112|0x0000000709600000, 0x0000000709600000, 0x0000000709700000|  0%| F|  |TAMS 0x0000000709600000, 0x0000000709600000| Untracked 
| 113|0x0000000709700000, 0x0000000709700000, 0x0000000709800000|  0%| F|  |TAMS 0x0000000709700000, 0x0000000709700000| Untracked 
| 114|0x0000000709800000, 0x0000000709800000, 0x0000000709900000|  0%| F|  |TAMS 0x0000000709800000, 0x0000000709800000| Untracked 
| 115|0x0000000709900000, 0x0000000709900000, 0x0000000709a00000|  0%| F|  |TAMS 0x0000000709900000, 0x0000000709900000| Untracked 
| 116|0x0000000709a00000, 0x0000000709a00000, 0x0000000709b00000|  0%| F|  |TAMS 0x0000000709a00000, 0x0000000709a00000| Untracked 
| 117|0x0000000709b00000, 0x0000000709b00000, 0x0000000709c00000|  0%| F|  |TAMS 0x0000000709b00000, 0x0000000709b00000| Untracked 
| 118|0x0000000709c00000, 0x0000000709c00000, 0x0000000709d00000|  0%| F|  |TAMS 0x0000000709c00000, 0x0000000709c00000| Untracked 
| 119|0x0000000709d00000, 0x0000000709d00000, 0x0000000709e00000|  0%| F|  |TAMS 0x0000000709d00000, 0x0000000709d00000| Untracked 
| 120|0x0000000709e00000, 0x0000000709e00000, 0x0000000709f00000|  0%| F|  |TAMS 0x0000000709e00000, 0x0000000709e00000| Untracked 
| 121|0x0000000709f00000, 0x0000000709f00000, 0x000000070a000000|  0%| F|  |TAMS 0x0000000709f00000, 0x0000000709f00000| Untracked 
| 122|0x000000070a000000, 0x000000070a000000, 0x000000070a100000|  0%| F|  |TAMS 0x000000070a000000, 0x000000070a000000| Untracked 
| 123|0x000000070a100000, 0x000000070a100000, 0x000000070a200000|  0%| F|  |TAMS 0x000000070a100000, 0x000000070a100000| Untracked 
| 124|0x000000070a200000, 0x000000070a200000, 0x000000070a300000|  0%| F|  |TAMS 0x000000070a200000, 0x000000070a200000| Untracked 
| 125|0x000000070a300000, 0x000000070a300000, 0x000000070a400000|  0%| F|  |TAMS 0x000000070a300000, 0x000000070a300000| Untracked 
| 126|0x000000070a400000, 0x000000070a400000, 0x000000070a500000|  0%| F|  |TAMS 0x000000070a400000, 0x000000070a400000| Untracked 
| 127|0x000000070a500000, 0x000000070a500000, 0x000000070a600000|  0%| F|  |TAMS 0x000000070a500000, 0x000000070a500000| Untracked 
| 128|0x000000070a600000, 0x000000070a600000, 0x000000070a700000|  0%| F|  |TAMS 0x000000070a600000, 0x000000070a600000| Untracked 
| 129|0x000000070a700000, 0x000000070a700000, 0x000000070a800000|  0%| F|  |TAMS 0x000000070a700000, 0x000000070a700000| Untracked 
| 130|0x000000070a800000, 0x000000070a800000, 0x000000070a900000|  0%| F|  |TAMS 0x000000070a800000, 0x000000070a800000| Untracked 
| 131|0x000000070a900000, 0x000000070a900000, 0x000000070aa00000|  0%| F|  |TAMS 0x000000070a900000, 0x000000070a900000| Untracked 
| 132|0x000000070aa00000, 0x000000070aa00000, 0x000000070ab00000|  0%| F|  |TAMS 0x000000070aa00000, 0x000000070aa00000| Untracked 
| 133|0x000000070ab00000, 0x000000070ab00000, 0x000000070ac00000|  0%| F|  |TAMS 0x000000070ab00000, 0x000000070ab00000| Untracked 
| 134|0x000000070ac00000, 0x000000070ac00000, 0x000000070ad00000|  0%| F|  |TAMS 0x000000070ac00000, 0x000000070ac00000| Untracked 
| 135|0x000000070ad00000, 0x000000070ad00000, 0x000000070ae00000|  0%| F|  |TAMS 0x000000070ad00000, 0x000000070ad00000| Untracked 
| 136|0x000000070ae00000, 0x000000070ae00000, 0x000000070af00000|  0%| F|  |TAMS 0x000000070ae00000, 0x000000070ae00000| Untracked 
| 137|0x000000070af00000, 0x000000070af00000, 0x000000070b000000|  0%| F|  |TAMS 0x000000070af00000, 0x000000070af00000| Untracked 
| 138|0x000000070b000000, 0x000000070b000000, 0x000000070b100000|  0%| F|  |TAMS 0x000000070b000000, 0x000000070b000000| Untracked 
| 139|0x000000070b100000, 0x000000070b100000, 0x000000070b200000|  0%| F|  |TAMS 0x000000070b100000, 0x000000070b100000| Untracked 
| 140|0x000000070b200000, 0x000000070b200000, 0x000000070b300000|  0%| F|  |TAMS 0x000000070b200000, 0x000000070b200000| Untracked 
| 141|0x000000070b300000, 0x000000070b300000, 0x000000070b400000|  0%| F|  |TAMS 0x000000070b300000, 0x000000070b300000| Untracked 
| 142|0x000000070b400000, 0x000000070b400000, 0x000000070b500000|  0%| F|  |TAMS 0x000000070b400000, 0x000000070b400000| Untracked 
| 143|0x000000070b500000, 0x000000070b500000, 0x000000070b600000|  0%| F|  |TAMS 0x000000070b500000, 0x000000070b500000| Untracked 
| 144|0x000000070b600000, 0x000000070b600000, 0x000000070b700000|  0%| F|  |TAMS 0x000000070b600000, 0x000000070b600000| Untracked 
| 145|0x000000070b700000, 0x000000070b700000, 0x000000070b800000|  0%| F|  |TAMS 0x000000070b700000, 0x000000070b700000| Untracked 
| 146|0x000000070b800000, 0x000000070b800000, 0x000000070b900000|  0%| F|  |TAMS 0x000000070b800000, 0x000000070b800000| Untracked 
| 147|0x000000070b900000, 0x000000070b900000, 0x000000070ba00000|  0%| F|  |TAMS 0x000000070b900000, 0x000000070b900000| Untracked 
| 148|0x000000070ba00000, 0x000000070ba00000, 0x000000070bb00000|  0%| F|  |TAMS 0x000000070ba00000, 0x000000070ba00000| Untracked 
| 149|0x000000070bb00000, 0x000000070bb00000, 0x000000070bc00000|  0%| F|  |TAMS 0x000000070bb00000, 0x000000070bb00000| Untracked 
| 150|0x000000070bc00000, 0x000000070bc00000, 0x000000070bd00000|  0%| F|  |TAMS 0x000000070bc00000, 0x000000070bc00000| Untracked 
| 151|0x000000070bd00000, 0x000000070bd00000, 0x000000070be00000|  0%| F|  |TAMS 0x000000070bd00000, 0x000000070bd00000| Untracked 
| 152|0x000000070be00000, 0x000000070be00000, 0x000000070bf00000|  0%| F|  |TAMS 0x000000070be00000, 0x000000070be00000| Untracked 
| 153|0x000000070bf00000, 0x000000070bf00000, 0x000000070c000000|  0%| F|  |TAMS 0x000000070bf00000, 0x000000070bf00000| Untracked 
| 154|0x000000070c000000, 0x000000070c000000, 0x000000070c100000|  0%| F|  |TAMS 0x000000070c000000, 0x000000070c000000| Untracked 
| 155|0x000000070c100000, 0x000000070c100000, 0x000000070c200000|  0%| F|  |TAMS 0x000000070c100000, 0x000000070c100000| Untracked 
| 156|0x000000070c200000, 0x000000070c200000, 0x000000070c300000|  0%| F|  |TAMS 0x000000070c200000, 0x000000070c200000| Untracked 
| 157|0x000000070c300000, 0x000000070c300000, 0x000000070c400000|  0%| F|  |TAMS 0x000000070c300000, 0x000000070c300000| Untracked 
| 158|0x000000070c400000, 0x000000070c400000, 0x000000070c500000|  0%| F|  |TAMS 0x000000070c400000, 0x000000070c400000| Untracked 
| 159|0x000000070c500000, 0x000000070c500000, 0x000000070c600000|  0%| F|  |TAMS 0x000000070c500000, 0x000000070c500000| Untracked 
| 160|0x000000070c600000, 0x000000070c600000, 0x000000070c700000|  0%| F|  |TAMS 0x000000070c600000, 0x000000070c600000| Untracked 
| 161|0x000000070c700000, 0x000000070c700000, 0x000000070c800000|  0%| F|  |TAMS 0x000000070c700000, 0x000000070c700000| Untracked 
| 162|0x000000070c800000, 0x000000070c800000, 0x000000070c900000|  0%| F|  |TAMS 0x000000070c800000, 0x000000070c800000| Untracked 
| 163|0x000000070c900000, 0x000000070c900000, 0x000000070ca00000|  0%| F|  |TAMS 0x000000070c900000, 0x000000070c900000| Untracked 
| 164|0x000000070ca00000, 0x000000070ca00000, 0x000000070cb00000|  0%| F|  |TAMS 0x000000070ca00000, 0x000000070ca00000| Untracked 
| 165|0x000000070cb00000, 0x000000070cb00000, 0x000000070cc00000|  0%| F|  |TAMS 0x000000070cb00000, 0x000000070cb00000| Untracked 
| 166|0x000000070cc00000, 0x000000070cc00000, 0x000000070cd00000|  0%| F|  |TAMS 0x000000070cc00000, 0x000000070cc00000| Untracked 
| 167|0x000000070cd00000, 0x000000070cd00000, 0x000000070ce00000|  0%| F|  |TAMS 0x000000070cd00000, 0x000000070cd00000| Untracked 
| 168|0x000000070ce00000, 0x000000070ce00000, 0x000000070cf00000|  0%| F|  |TAMS 0x000000070ce00000, 0x000000070ce00000| Untracked 
| 169|0x000000070cf00000, 0x000000070cf00000, 0x000000070d000000|  0%| F|  |TAMS 0x000000070cf00000, 0x000000070cf00000| Untracked 
| 170|0x000000070d000000, 0x000000070d000000, 0x000000070d100000|  0%| F|  |TAMS 0x000000070d000000, 0x000000070d000000| Untracked 
| 171|0x000000070d100000, 0x000000070d100000, 0x000000070d200000|  0%| F|  |TAMS 0x000000070d100000, 0x000000070d100000| Untracked 
| 172|0x000000070d200000, 0x000000070d200000, 0x000000070d300000|  0%| F|  |TAMS 0x000000070d200000, 0x000000070d200000| Untracked 
| 173|0x000000070d300000, 0x000000070d300000, 0x000000070d400000|  0%| F|  |TAMS 0x000000070d300000, 0x000000070d300000| Untracked 
| 174|0x000000070d400000, 0x000000070d400000, 0x000000070d500000|  0%| F|  |TAMS 0x000000070d400000, 0x000000070d400000| Untracked 
| 175|0x000000070d500000, 0x000000070d500000, 0x000000070d600000|  0%| F|  |TAMS 0x000000070d500000, 0x000000070d500000| Untracked 
| 176|0x000000070d600000, 0x000000070d600000, 0x000000070d700000|  0%| F|  |TAMS 0x000000070d600000, 0x000000070d600000| Untracked 
| 177|0x000000070d700000, 0x000000070d700000, 0x000000070d800000|  0%| F|  |TAMS 0x000000070d700000, 0x000000070d700000| Untracked 
| 178|0x000000070d800000, 0x000000070d800000, 0x000000070d900000|  0%| F|  |TAMS 0x000000070d800000, 0x000000070d800000| Untracked 
| 179|0x000000070d900000, 0x000000070d900000, 0x000000070da00000|  0%| F|  |TAMS 0x000000070d900000, 0x000000070d900000| Untracked 
| 180|0x000000070da00000, 0x000000070da00000, 0x000000070db00000|  0%| F|  |TAMS 0x000000070da00000, 0x000000070da00000| Untracked 
| 181|0x000000070db00000, 0x000000070db00000, 0x000000070dc00000|  0%| F|  |TAMS 0x000000070db00000, 0x000000070db00000| Untracked 
| 182|0x000000070dc00000, 0x000000070dc00000, 0x000000070dd00000|  0%| F|  |TAMS 0x000000070dc00000, 0x000000070dc00000| Untracked 
| 183|0x000000070dd00000, 0x000000070dd00000, 0x000000070de00000|  0%| F|  |TAMS 0x000000070dd00000, 0x000000070dd00000| Untracked 
| 184|0x000000070de00000, 0x000000070de00000, 0x000000070df00000|  0%| F|  |TAMS 0x000000070de00000, 0x000000070de00000| Untracked 
| 185|0x000000070df00000, 0x000000070df00000, 0x000000070e000000|  0%| F|  |TAMS 0x000000070df00000, 0x000000070df00000| Untracked 
| 186|0x000000070e000000, 0x000000070e000000, 0x000000070e100000|  0%| F|  |TAMS 0x000000070e000000, 0x000000070e000000| Untracked 
| 187|0x000000070e100000, 0x000000070e100000, 0x000000070e200000|  0%| F|  |TAMS 0x000000070e100000, 0x000000070e100000| Untracked 
| 188|0x000000070e200000, 0x000000070e200000, 0x000000070e300000|  0%| F|  |TAMS 0x000000070e200000, 0x000000070e200000| Untracked 
| 189|0x000000070e300000, 0x000000070e300000, 0x000000070e400000|  0%| F|  |TAMS 0x000000070e300000, 0x000000070e300000| Untracked 
| 190|0x000000070e400000, 0x000000070e400000, 0x000000070e500000|  0%| F|  |TAMS 0x000000070e400000, 0x000000070e400000| Untracked 
| 191|0x000000070e500000, 0x000000070e500000, 0x000000070e600000|  0%| F|  |TAMS 0x000000070e500000, 0x000000070e500000| Untracked 
| 192|0x000000070e600000, 0x000000070e600000, 0x000000070e700000|  0%| F|  |TAMS 0x000000070e600000, 0x000000070e600000| Untracked 
| 193|0x000000070e700000, 0x000000070e700000, 0x000000070e800000|  0%| F|  |TAMS 0x000000070e700000, 0x000000070e700000| Untracked 
| 194|0x000000070e800000, 0x000000070e800000, 0x000000070e900000|  0%| F|  |TAMS 0x000000070e800000, 0x000000070e800000| Untracked 
| 195|0x000000070e900000, 0x000000070e900000, 0x000000070ea00000|  0%| F|  |TAMS 0x000000070e900000, 0x000000070e900000| Untracked 
| 196|0x000000070ea00000, 0x000000070ea00000, 0x000000070eb00000|  0%| F|  |TAMS 0x000000070ea00000, 0x000000070ea00000| Untracked 
| 197|0x000000070eb00000, 0x000000070eb00000, 0x000000070ec00000|  0%| F|  |TAMS 0x000000070eb00000, 0x000000070eb00000| Untracked 
| 198|0x000000070ec00000, 0x000000070ec00000, 0x000000070ed00000|  0%| F|  |TAMS 0x000000070ec00000, 0x000000070ec00000| Untracked 
| 199|0x000000070ed00000, 0x000000070ed00000, 0x000000070ee00000|  0%| F|  |TAMS 0x000000070ed00000, 0x000000070ed00000| Untracked 
| 200|0x000000070ee00000, 0x000000070ee00000, 0x000000070ef00000|  0%| F|  |TAMS 0x000000070ee00000, 0x000000070ee00000| Untracked 
| 201|0x000000070ef00000, 0x000000070ef00000, 0x000000070f000000|  0%| F|  |TAMS 0x000000070ef00000, 0x000000070ef00000| Untracked 
| 202|0x000000070f000000, 0x000000070f000000, 0x000000070f100000|  0%| F|  |TAMS 0x000000070f000000, 0x000000070f000000| Untracked 
| 203|0x000000070f100000, 0x000000070f100000, 0x000000070f200000|  0%| F|  |TAMS 0x000000070f100000, 0x000000070f100000| Untracked 
| 204|0x000000070f200000, 0x000000070f200000, 0x000000070f300000|  0%| F|  |TAMS 0x000000070f200000, 0x000000070f200000| Untracked 
| 205|0x000000070f300000, 0x000000070f300000, 0x000000070f400000|  0%| F|  |TAMS 0x000000070f300000, 0x000000070f300000| Untracked 
| 206|0x000000070f400000, 0x000000070f500000, 0x000000070f500000|100%| S|CS|TAMS 0x000000070f400000, 0x000000070f400000| Complete 
| 207|0x000000070f500000, 0x000000070f600000, 0x000000070f600000|100%| S|CS|TAMS 0x000000070f500000, 0x000000070f500000| Complete 
| 208|0x000000070f600000, 0x000000070f700000, 0x000000070f700000|100%| S|CS|TAMS 0x000000070f600000, 0x000000070f600000| Complete 
| 209|0x000000070f700000, 0x000000070f800000, 0x000000070f800000|100%| S|CS|TAMS 0x000000070f700000, 0x000000070f700000| Complete 
| 210|0x000000070f800000, 0x000000070f900000, 0x000000070f900000|100%| S|CS|TAMS 0x000000070f800000, 0x000000070f800000| Complete 
| 211|0x000000070f900000, 0x000000070fa00000, 0x000000070fa00000|100%| S|CS|TAMS 0x000000070f900000, 0x000000070f900000| Complete 
| 212|0x000000070fa00000, 0x000000070fa00000, 0x000000070fb00000|  0%| F|  |TAMS 0x000000070fa00000, 0x000000070fa00000| Untracked 
| 213|0x000000070fb00000, 0x000000070fb00000, 0x000000070fc00000|  0%| F|  |TAMS 0x000000070fb00000, 0x000000070fb00000| Untracked 
| 214|0x000000070fc00000, 0x000000070fc00000, 0x000000070fd00000|  0%| F|  |TAMS 0x000000070fc00000, 0x000000070fc00000| Untracked 
| 215|0x000000070fd00000, 0x000000070fd00000, 0x000000070fe00000|  0%| F|  |TAMS 0x000000070fd00000, 0x000000070fd00000| Untracked 
| 216|0x000000070fe00000, 0x000000070fe00000, 0x000000070ff00000|  0%| F|  |TAMS 0x000000070fe00000, 0x000000070fe00000| Untracked 
| 217|0x000000070ff00000, 0x000000070ff00000, 0x0000000710000000|  0%| F|  |TAMS 0x000000070ff00000, 0x000000070ff00000| Untracked 
| 218|0x0000000710000000, 0x0000000710000000, 0x0000000710100000|  0%| F|  |TAMS 0x0000000710000000, 0x0000000710000000| Untracked 
| 219|0x0000000710100000, 0x0000000710100000, 0x0000000710200000|  0%| F|  |TAMS 0x0000000710100000, 0x0000000710100000| Untracked 
| 220|0x0000000710200000, 0x0000000710200000, 0x0000000710300000|  0%| F|  |TAMS 0x0000000710200000, 0x0000000710200000| Untracked 
| 221|0x0000000710300000, 0x0000000710300000, 0x0000000710400000|  0%| F|  |TAMS 0x0000000710300000, 0x0000000710300000| Untracked 
| 222|0x0000000710400000, 0x0000000710400000, 0x0000000710500000|  0%| F|  |TAMS 0x0000000710400000, 0x0000000710400000| Untracked 
| 223|0x0000000710500000, 0x0000000710500000, 0x0000000710600000|  0%| F|  |TAMS 0x0000000710500000, 0x0000000710500000| Untracked 
| 224|0x0000000710600000, 0x0000000710600000, 0x0000000710700000|  0%| F|  |TAMS 0x0000000710600000, 0x0000000710600000| Untracked 
| 225|0x0000000710700000, 0x0000000710700000, 0x0000000710800000|  0%| F|  |TAMS 0x0000000710700000, 0x0000000710700000| Untracked 
| 226|0x0000000710800000, 0x0000000710800000, 0x0000000710900000|  0%| F|  |TAMS 0x0000000710800000, 0x0000000710800000| Untracked 
| 227|0x0000000710900000, 0x0000000710900000, 0x0000000710a00000|  0%| F|  |TAMS 0x0000000710900000, 0x0000000710900000| Untracked 
| 228|0x0000000710a00000, 0x0000000710a00000, 0x0000000710b00000|  0%| F|  |TAMS 0x0000000710a00000, 0x0000000710a00000| Untracked 
| 229|0x0000000710b00000, 0x0000000710b00000, 0x0000000710c00000|  0%| F|  |TAMS 0x0000000710b00000, 0x0000000710b00000| Untracked 
| 230|0x0000000710c00000, 0x0000000710c00000, 0x0000000710d00000|  0%| F|  |TAMS 0x0000000710c00000, 0x0000000710c00000| Untracked 
| 231|0x0000000710d00000, 0x0000000710d00000, 0x0000000710e00000|  0%| F|  |TAMS 0x0000000710d00000, 0x0000000710d00000| Untracked 
| 232|0x0000000710e00000, 0x0000000710e00000, 0x0000000710f00000|  0%| F|  |TAMS 0x0000000710e00000, 0x0000000710e00000| Untracked 
| 233|0x0000000710f00000, 0x0000000710f00000, 0x0000000711000000|  0%| F|  |TAMS 0x0000000710f00000, 0x0000000710f00000| Untracked 
| 234|0x0000000711000000, 0x0000000711000000, 0x0000000711100000|  0%| F|  |TAMS 0x0000000711000000, 0x0000000711000000| Untracked 
| 235|0x0000000711100000, 0x0000000711100000, 0x0000000711200000|  0%| F|  |TAMS 0x0000000711100000, 0x0000000711100000| Untracked 
| 236|0x0000000711200000, 0x0000000711200000, 0x0000000711300000|  0%| F|  |TAMS 0x0000000711200000, 0x0000000711200000| Untracked 
| 237|0x0000000711300000, 0x0000000711300000, 0x0000000711400000|  0%| F|  |TAMS 0x0000000711300000, 0x0000000711300000| Untracked 
| 238|0x0000000711400000, 0x0000000711400000, 0x0000000711500000|  0%| F|  |TAMS 0x0000000711400000, 0x0000000711400000| Untracked 
| 239|0x0000000711500000, 0x0000000711500000, 0x0000000711600000|  0%| F|  |TAMS 0x0000000711500000, 0x0000000711500000| Untracked 
| 240|0x0000000711600000, 0x0000000711600000, 0x0000000711700000|  0%| F|  |TAMS 0x0000000711600000, 0x0000000711600000| Untracked 
| 241|0x0000000711700000, 0x0000000711700000, 0x0000000711800000|  0%| F|  |TAMS 0x0000000711700000, 0x0000000711700000| Untracked 
| 242|0x0000000711800000, 0x0000000711800000, 0x0000000711900000|  0%| F|  |TAMS 0x0000000711800000, 0x0000000711800000| Untracked 
| 243|0x0000000711900000, 0x0000000711900000, 0x0000000711a00000|  0%| F|  |TAMS 0x0000000711900000, 0x0000000711900000| Untracked 
| 244|0x0000000711a00000, 0x0000000711a00000, 0x0000000711b00000|  0%| F|  |TAMS 0x0000000711a00000, 0x0000000711a00000| Untracked 
| 245|0x0000000711b00000, 0x0000000711b00000, 0x0000000711c00000|  0%| F|  |TAMS 0x0000000711b00000, 0x0000000711b00000| Untracked 
| 246|0x0000000711c00000, 0x0000000711c00000, 0x0000000711d00000|  0%| F|  |TAMS 0x0000000711c00000, 0x0000000711c00000| Untracked 
| 247|0x0000000711d00000, 0x0000000711d00000, 0x0000000711e00000|  0%| F|  |TAMS 0x0000000711d00000, 0x0000000711d00000| Untracked 
| 248|0x0000000711e00000, 0x0000000711e00000, 0x0000000711f00000|  0%| F|  |TAMS 0x0000000711e00000, 0x0000000711e00000| Untracked 
| 249|0x0000000711f00000, 0x0000000711f00000, 0x0000000712000000|  0%| F|  |TAMS 0x0000000711f00000, 0x0000000711f00000| Untracked 
| 250|0x0000000712000000, 0x0000000712000000, 0x0000000712100000|  0%| F|  |TAMS 0x0000000712000000, 0x0000000712000000| Untracked 
| 251|0x0000000712100000, 0x0000000712100000, 0x0000000712200000|  0%| F|  |TAMS 0x0000000712100000, 0x0000000712100000| Untracked 
| 252|0x0000000712200000, 0x0000000712200000, 0x0000000712300000|  0%| F|  |TAMS 0x0000000712200000, 0x0000000712200000| Untracked 
| 253|0x0000000712300000, 0x0000000712300000, 0x0000000712400000|  0%| F|  |TAMS 0x0000000712300000, 0x0000000712300000| Untracked 

Card table byte_map: [0x0000020ac4e40000,0x0000020ac5630000] _byte_map_base: 0x0000020ac162d000

Marking Bits (Prev, Next): (CMBitMap*) 0x0000020aac9c8a78, (CMBitMap*) 0x0000020aac9c8ab8
 Prev Bits: [0x0000020ac5e20000, 0x0000020ac9d88000)
 Next Bits: [0x0000020ac9d90000, 0x0000020acdcf8000)

Polling page: 0x0000020aac130000

Metaspace:

Usage:
  Non-class:      4.14 MB capacity,   355.62 KB (  8%) used,     3.79 MB ( 92%) free+waste,   448 bytes ( <1%) overhead. 
      Class:    386.00 KB capacity,    14.58 KB (  4%) used,   371.30 KB ( 96%) free+waste,   128 bytes ( <1%) overhead. 
       Both:      4.52 MB capacity,   370.20 KB (  8%) used,     4.16 MB ( 92%) free+waste,   576 bytes ( <1%) overhead. 

Virtual space:
  Non-class space:        8.00 MB reserved,       4.25 MB ( 53%) committed 
      Class space:        1.00 GB reserved,     512.00 KB ( <1%) committed 
             Both:        1.01 GB reserved,       4.75 MB ( <1%) committed 

Chunk freelists:
   Non-Class:  48.00 KB
       Class:  0 bytes
        Both:  48.00 KB

MaxMetaspaceSize: 17179869184.00 GB
CompressedClassSpaceSize: 1.00 GB

CodeHeap 'non-profiled nmethods': size=120000Kb used=125Kb max_used=125Kb free=119874Kb
 bounds [0x0000020abcbd0000, 0x0000020abce40000, 0x0000020ac4100000]
CodeHeap 'profiled nmethods': size=120000Kb used=972Kb max_used=972Kb free=119028Kb
 bounds [0x0000020ab56a0000, 0x0000020ab5910000, 0x0000020abcbd0000]
CodeHeap 'non-nmethods': size=5760Kb used=1051Kb max_used=1082Kb free=4708Kb
 bounds [0x0000020ab5100000, 0x0000020ab5370000, 0x0000020ab56a0000]
 total_blobs=771 nmethods=139 adapters=183
 compilation: enabled
              stopped_count=0, restarted_count=0
 full_count=0

Compilation events (20 events):
Event: 0.435 Thread 0x0000020ad193b000  132   !   4       java.util.Vector::addAll (94 bytes)
Event: 0.448 Thread 0x0000020ad137e800  133       4       java.util.Arrays::copyOf (40 bytes)
Event: 0.451 Thread 0x0000020ad137e800 nmethod 133 0x0000020abcbe2410 code [0x0000020abcbe25c0, 0x0000020abcbe27d8]
Event: 0.452 Thread 0x0000020ad193b000 nmethod 132 0x0000020abcbe2910 code [0x0000020abcbe2b20, 0x0000020abcbe3758]
Event: 0.454 Thread 0x0000020ad1ec7000 nmethod 129% 0x0000020abcbe3b10 code [0x0000020abcbe3f40, 0x0000020abcbe64b8]
Event: 0.455 Thread 0x0000020ad137e800  134       4       sources.State::calculate_equilibrium (315 bytes)
Event: 0.493 Thread 0x0000020ad1ec7000  135       4       sources.State::pawn_movement (913 bytes)
Event: 0.502 Thread 0x0000020ad137e800 nmethod 134 0x0000020abcbe6c90 code [0x0000020abcbe7060, 0x0000020abcbe9118]
Event: 0.511 Thread 0x0000020ad193b000  136 %     4       sources.State::next_states @ 145 (254 bytes)
Event: 0.564 Thread 0x0000020ad193b000 nmethod 136% 0x0000020abcbe9a90 code [0x0000020abcbe9da0, 0x0000020abcbead30]
Event: 0.564 Thread 0x0000020ad193b000  137 %     4       sources.State::next_states @ 25 (254 bytes)
Event: 0.597 Thread 0x0000020ad193b000 nmethod 137% 0x0000020abcbeb310 code [0x0000020abcbeb620, 0x0000020abcbec5b0]
Event: 0.604 Thread 0x0000020ad193b000  138       4       sources.State::next_states (254 bytes)
Event: 0.643 Thread 0x0000020ad193b000 nmethod 138 0x0000020abcbecb90 code [0x0000020abcbecf80, 0x0000020abcbeece8]
Event: 0.894 Thread 0x0000020ad193b000  139       4       sources.State::rook_movement (1457 bytes)
Event: 0.895 Thread 0x0000020ad137e800  140       4       sources.State::horse_movement (1585 bytes)
Event: 0.935 Thread 0x0000020ad1382800  141 %     3       sources.Pruebas::main @ 1839 (1976 bytes)
Event: 0.996 Thread 0x0000020ad1382800 nmethod 141% 0x0000020ab573c710 code [0x0000020ab573e140, 0x0000020ab5762748]
Event: 1.003 Thread 0x0000020ad1382800  142       3       sources.Pruebas::main (1976 bytes)
Event: 1.162 Thread 0x0000020ad1382800 nmethod 142 0x0000020ab5767d90 code [0x0000020ab57697a0, 0x0000020ab578da38]

GC Heap History (9 events):
Event: 0.532 GC heap before
{Heap before GC invocations=0 (full 0):
 garbage-first heap   total 260096K, used 23552K [0x0000000702600000, 0x0000000800000000)
  region size 1024K, 23 young (23552K), 0 survivors (0K)
 Metaspace       used 329K, capacity 4562K, committed 4864K, reserved 1056768K
  class space    used 14K, capacity 386K, committed 512K, reserved 1048576K
}
Event: 0.562 GC heap after
{Heap after GC invocations=1 (full 0):
 garbage-first heap   total 260096K, used 14812K [0x0000000702600000, 0x0000000800000000)
  region size 1024K, 3 young (3072K), 3 survivors (3072K)
 Metaspace       used 329K, capacity 4562K, committed 4864K, reserved 1056768K
  class space    used 14K, capacity 386K, committed 512K, reserved 1048576K
}
Event: 0.655 GC heap before
{Heap before GC invocations=1 (full 0):
 garbage-first heap   total 260096K, used 28124K [0x0000000702600000, 0x0000000800000000)
  region size 1024K, 16 young (16384K), 3 survivors (3072K)
 Metaspace       used 329K, capacity 4562K, committed 4864K, reserved 1056768K
  class space    used 14K, capacity 386K, committed 512K, reserved 1048576K
}
Event: 0.690 GC heap after
{Heap after GC invocations=2 (full 0):
 garbage-first heap   total 260096K, used 25982K [0x0000000702600000, 0x0000000800000000)
  region size 1024K, 2 young (2048K), 2 survivors (2048K)
 Metaspace       used 329K, capacity 4562K, committed 4864K, reserved 1056768K
  class space    used 14K, capacity 386K, committed 512K, reserved 1048576K
}
Event: 0.814 GC heap before
{Heap before GC invocations=2 (full 0):
 garbage-first heap   total 260096K, used 45438K [0x0000000702600000, 0x0000000800000000)
  region size 1024K, 21 young (21504K), 2 survivors (2048K)
 Metaspace       used 329K, capacity 4562K, committed 4864K, reserved 1056768K
  class space    used 14K, capacity 386K, committed 512K, reserved 1048576K
}
Event: 0.839 GC heap after
{Heap after GC invocations=3 (full 0):
 garbage-first heap   total 260096K, used 41703K [0x0000000702600000, 0x0000000800000000)
  region size 1024K, 3 young (3072K), 3 survivors (3072K)
 Metaspace       used 329K, capacity 4562K, committed 4864K, reserved 1056768K
  class space    used 14K, capacity 386K, committed 512K, reserved 1048576K
}
Event: 1.052 GC heap before
{Heap before GC invocations=3 (full 0):
 garbage-first heap   total 260096K, used 72423K [0x0000000702600000, 0x0000000800000000)
  region size 1024K, 33 young (33792K), 3 survivors (3072K)
 Metaspace       used 370K, capacity 4626K, committed 4864K, reserved 1056768K
  class space    used 14K, capacity 386K, committed 512K, reserved 1048576K
}
Event: 1.109 GC heap after
{Heap after GC invocations=4 (full 0):
 garbage-first heap   total 260096K, used 65969K [0x0000000702600000, 0x0000000800000000)
  region size 1024K, 5 young (5120K), 5 survivors (5120K)
 Metaspace       used 370K, capacity 4626K, committed 4864K, reserved 1056768K
  class space    used 14K, capacity 386K, committed 512K, reserved 1048576K
}
Event: 1.380 GC heap before
{Heap before GC invocations=4 (full 0):
 garbage-first heap   total 260096K, used 104881K [0x0000000702600000, 0x0000000800000000)
  region size 1024K, 42 young (43008K), 5 survivors (5120K)
 Metaspace       used 370K, capacity 4626K, committed 4864K, reserved 1056768K
  class space    used 14K, capacity 386K, committed 512K, reserved 1048576K
}

Deoptimization events (20 events):
Event: 0.588 Thread 0x0000020aac95e800 DEOPT PACKING pc=0x0000020ab56e1d6a sp=0x0000009af44fef20
Event: 0.588 Thread 0x0000020aac95e800 DEOPT UNPACKING pc=0x0000020ab514964e sp=0x0000009af44fe438 mode 0
Event: 0.604 Thread 0x0000020aac95e800 DEOPT PACKING pc=0x0000020ab56e1d6a sp=0x0000009af44fef20
Event: 0.604 Thread 0x0000020aac95e800 DEOPT UNPACKING pc=0x0000020ab514964e sp=0x0000009af44fe438 mode 0
Event: 0.618 Thread 0x0000020aac95e800 DEOPT PACKING pc=0x0000020ab56e1d6a sp=0x0000009af44fef20
Event: 0.618 Thread 0x0000020aac95e800 DEOPT UNPACKING pc=0x0000020ab514964e sp=0x0000009af44fe438 mode 0
Event: 0.633 Thread 0x0000020aac95e800 DEOPT PACKING pc=0x0000020ab56e1c01 sp=0x0000009af44fef20
Event: 0.633 Thread 0x0000020aac95e800 DEOPT UNPACKING pc=0x0000020ab514964e sp=0x0000009af44fe438 mode 0
Event: 0.996 Thread 0x0000020aac95e800 DEOPT PACKING pc=0x0000020ab5761fc5 sp=0x0000009af44feeb0
Event: 0.996 Thread 0x0000020aac95e800 DEOPT UNPACKING pc=0x0000020ab514964e sp=0x0000009af44fe4c8 mode 0
Event: 1.120 Thread 0x0000020aac95e800 DEOPT PACKING pc=0x0000020ab5761fc5 sp=0x0000009af44feeb0
Event: 1.120 Thread 0x0000020aac95e800 DEOPT UNPACKING pc=0x0000020ab514964e sp=0x0000009af44fe4c8 mode 0
Event: 1.189 Thread 0x0000020aac95e800 DEOPT PACKING pc=0x0000020ab5761fc5 sp=0x0000009af44feeb0
Event: 1.189 Thread 0x0000020aac95e800 DEOPT UNPACKING pc=0x0000020ab514964e sp=0x0000009af44fe4c8 mode 0
Event: 1.246 Thread 0x0000020aac95e800 DEOPT PACKING pc=0x0000020ab5761fc5 sp=0x0000009af44feeb0
Event: 1.246 Thread 0x0000020aac95e800 DEOPT UNPACKING pc=0x0000020ab514964e sp=0x0000009af44fe4c8 mode 0
Event: 1.306 Thread 0x0000020aac95e800 DEOPT PACKING pc=0x0000020ab5761fc5 sp=0x0000009af44feeb0
Event: 1.306 Thread 0x0000020aac95e800 DEOPT UNPACKING pc=0x0000020ab514964e sp=0x0000009af44fe4c8 mode 0
Event: 1.361 Thread 0x0000020aac95e800 DEOPT PACKING pc=0x0000020ab5761fc5 sp=0x0000009af44feeb0
Event: 1.361 Thread 0x0000020aac95e800 DEOPT UNPACKING pc=0x0000020ab514964e sp=0x0000009af44fe4c8 mode 0

Classes unloaded (0 events):
No events

Classes redefined (0 events):
No events

Internal exceptions (0 events):
No events

Events (20 events):
Event: 0.187 loading class jdk/internal/loader/URLClassPath$FileLoader$1
Event: 0.187 loading class jdk/internal/loader/URLClassPath$FileLoader$1 done
Event: 0.188 Thread 0x0000020ad14bc800 Thread added: 0x0000020ad14bc800
Event: 0.189 Executing VM operation: HandshakeOneThread
Event: 0.189 Executing VM operation: HandshakeOneThread done
Event: 0.192 loading class java/util/Vector$Itr
Event: 0.192 loading class java/util/Vector$Itr done
Event: 0.193 loading class jdk/internal/math/FDBigInteger
Event: 0.193 loading class jdk/internal/math/FDBigInteger done
Event: 0.306 Thread 0x0000020ad193b000 Thread added: 0x0000020ad193b000
Event: 0.382 Thread 0x0000020ad1ec7000 Thread added: 0x0000020ad1ec7000
Event: 0.532 Executing VM operation: G1CollectForAllocation
Event: 0.562 Executing VM operation: G1CollectForAllocation done
Event: 0.655 Executing VM operation: G1CollectForAllocation
Event: 0.690 Executing VM operation: G1CollectForAllocation done
Event: 0.814 Executing VM operation: G1CollectForAllocation
Event: 0.839 Executing VM operation: G1CollectForAllocation done
Event: 1.052 Executing VM operation: G1CollectForAllocation
Event: 1.109 Executing VM operation: G1CollectForAllocation done
Event: 1.380 Executing VM operation: G1CollectForAllocation


Dynamic libraries:
0x00007ff72c8a0000 - 0x00007ff72c8af000 	C:\Program Files\Java\jdk-14.0.1\bin\javaw.exe
0x00007ffbcba80000 - 0x00007ffbcbc70000 	C:\WINDOWS\SYSTEM32\ntdll.dll
0x00007ffba9920000 - 0x00007ffba9933000 	C:\Program Files\Avast Software\Avast\aswhook.dll
0x00007ffbcb880000 - 0x00007ffbcb932000 	C:\WINDOWS\System32\KERNEL32.DLL
0x00007ffbc8d00000 - 0x00007ffbc8fa4000 	C:\WINDOWS\System32\KERNELBASE.dll
0x00007ffbc8b00000 - 0x00007ffbc8bfa000 	C:\WINDOWS\System32\ucrtbase.dll
0x00007ffbc4e20000 - 0x00007ffbc4e38000 	C:\Program Files\Java\jdk-14.0.1\bin\jli.dll
0x00007ffbcb0f0000 - 0x00007ffbcb193000 	C:\WINDOWS\System32\ADVAPI32.dll
0x00007ffbcb9a0000 - 0x00007ffbcba3e000 	C:\WINDOWS\System32\msvcrt.dll
0x00007ffbcae50000 - 0x00007ffbcaee7000 	C:\WINDOWS\System32\sechost.dll
0x00007ffbca8f0000 - 0x00007ffbcaa10000 	C:\WINDOWS\System32\RPCRT4.dll
0x00007ffbca750000 - 0x00007ffbca8e4000 	C:\WINDOWS\System32\USER32.dll
0x00007ffbc8c20000 - 0x00007ffbc8c41000 	C:\WINDOWS\System32\win32u.dll
0x00007ffbcaef0000 - 0x00007ffbcaf16000 	C:\WINDOWS\System32\GDI32.dll
0x00007ffbc9010000 - 0x00007ffbc91a4000 	C:\WINDOWS\System32\gdi32full.dll
0x00007ffbc8a60000 - 0x00007ffbc8afe000 	C:\WINDOWS\System32\msvcp_win.dll
0x00007ffbc0290000 - 0x00007ffbc02a5000 	C:\Program Files\Java\jdk-14.0.1\bin\VCRUNTIME140.dll
0x00007ffba9c80000 - 0x00007ffba9f04000 	C:\WINDOWS\WinSxS\amd64_microsoft.windows.common-controls_6595b64144ccf1df_6.0.18362.836_none_e6c4b943130f18ed\COMCTL32.dll
0x00007ffbcaa80000 - 0x00007ffbcadb6000 	C:\WINDOWS\System32\combase.dll
0x00007ffbc8c80000 - 0x00007ffbc8d00000 	C:\WINDOWS\System32\bcryptPrimitives.dll
0x00007ffbc2db0000 - 0x00007ffbc2dba000 	C:\WINDOWS\SYSTEM32\VERSION.dll
0x00007ffbcae20000 - 0x00007ffbcae4e000 	C:\WINDOWS\System32\IMM32.DLL
0x00007ffbae770000 - 0x00007ffbae80b000 	C:\Program Files\Java\jdk-14.0.1\bin\msvcp140.dll
0x00007ffb8f080000 - 0x00007ffb8fb9e000 	C:\Program Files\Java\jdk-14.0.1\bin\server\jvm.dll
0x00007ffbca4c0000 - 0x00007ffbca4c8000 	C:\WINDOWS\System32\PSAPI.DLL
0x00007ffbbdb20000 - 0x00007ffbbdb29000 	C:\WINDOWS\SYSTEM32\WSOCK32.dll
0x00007ffbcaa10000 - 0x00007ffbcaa7f000 	C:\WINDOWS\System32\WS2_32.dll
0x00007ffbbe820000 - 0x00007ffbbe844000 	C:\WINDOWS\SYSTEM32\WINMM.dll
0x00007ffbbe7f0000 - 0x00007ffbbe81d000 	C:\WINDOWS\SYSTEM32\WINMMBASE.dll
0x00007ffbc8a10000 - 0x00007ffbc8a5a000 	C:\WINDOWS\System32\cfgmgr32.dll
0x00007ffbc8970000 - 0x00007ffbc8981000 	C:\WINDOWS\System32\kernel.appcore.dll
0x00007ffbbf400000 - 0x00007ffbbf40a000 	C:\Program Files\Java\jdk-14.0.1\bin\jimage.dll
0x00007ffbc0fa0000 - 0x00007ffbc1194000 	C:\WINDOWS\SYSTEM32\DBGHELP.DLL
0x00007ffbc0c40000 - 0x00007ffbc0c6a000 	C:\WINDOWS\SYSTEM32\dbgcore.DLL
0x00007ffb993f0000 - 0x00007ffb99415000 	C:\Program Files\Java\jdk-14.0.1\bin\java.dll
0x00007ffbbe3c0000 - 0x00007ffbbe3d6000 	C:\Program Files\Java\jdk-14.0.1\bin\zip.dll
0x00007ffbc9b30000 - 0x00007ffbca214000 	C:\WINDOWS\System32\SHELL32.dll
0x00007ffbca360000 - 0x00007ffbca409000 	C:\WINDOWS\System32\shcore.dll
0x00007ffbc91b0000 - 0x00007ffbc992e000 	C:\WINDOWS\System32\windows.storage.dll
0x00007ffbc8990000 - 0x00007ffbc89b3000 	C:\WINDOWS\System32\profapi.dll
0x00007ffbc89c0000 - 0x00007ffbc8a0a000 	C:\WINDOWS\System32\powrprof.dll
0x00007ffbc8940000 - 0x00007ffbc8950000 	C:\WINDOWS\System32\UMPDC.dll
0x00007ffbcadc0000 - 0x00007ffbcae12000 	C:\WINDOWS\System32\shlwapi.dll
0x00007ffbc8c00000 - 0x00007ffbc8c17000 	C:\WINDOWS\System32\cryptsp.dll

dbghelp: loaded successfully - version: 4.0.5 - missing functions: none
symbol engine: initialized successfully - sym options: 0x614 - pdb path: .;C:\Program Files\Java\jdk-14.0.1\bin;C:\WINDOWS\SYSTEM32;C:\Program Files\Avast Software\Avast;C:\WINDOWS\WinSxS\amd64_microsoft.windows.common-controls_6595b64144ccf1df_6.0.18362.836_none_e6c4b943130f18ed;C:\Program Files\Java\jdk-14.0.1\bin\server

VM Arguments:
jvm_args: -Dfile.encoding=Cp1252 
java_command: sources.Pruebas
java_class_path (initial): C:\Users\MSI\eclipse-workspace\Ajedrez IA\bin
Launcher Type: SUN_STANDARD

[Global flags]
     intx CICompilerCount                          = 4                                         {product} {ergonomic}
     uint ConcGCThreads                            = 3                                         {product} {ergonomic}
     uint G1ConcRefinementThreads                  = 10                                        {product} {ergonomic}
   size_t G1HeapRegionSize                         = 1048576                                   {product} {ergonomic}
    uintx GCDrainStackTargetSize                   = 64                                        {product} {ergonomic}
   size_t InitialHeapSize                          = 266338304                                 {product} {ergonomic}
   size_t MarkStackSize                            = 4194304                                   {product} {ergonomic}
   size_t MaxHeapSize                              = 4255121408                                {product} {ergonomic}
   size_t MaxNewSize                               = 2552233984                                {product} {ergonomic}
   size_t MinHeapDeltaBytes                        = 1048576                                   {product} {ergonomic}
   size_t MinHeapSize                              = 8388608                                   {product} {ergonomic}
    uintx NonNMethodCodeHeapSize                   = 5839372                                {pd product} {ergonomic}
    uintx NonProfiledCodeHeapSize                  = 122909434                              {pd product} {ergonomic}
    uintx ProfiledCodeHeapSize                     = 122909434                              {pd product} {ergonomic}
    uintx ReservedCodeCacheSize                    = 251658240                              {pd product} {ergonomic}
     bool SegmentedCodeCache                       = true                                      {product} {ergonomic}
   size_t SoftMaxHeapSize                          = 4255121408                             {manageable} {ergonomic}
     bool UseCompressedClassPointers               = true                                 {lp64_product} {ergonomic}
     bool UseCompressedOops                        = true                                 {lp64_product} {ergonomic}
     bool UseG1GC                                  = true                                      {product} {ergonomic}
     bool UseLargePagesIndividualAllocation        = false                                  {pd product} {ergonomic}

Logging:
Log output configuration:
 #0: stdout all=warning uptime,level,tags
 #1: stderr all=off uptime,level,tags

Environment Variables:
PATH=C:/Program Files/Java/jdk-14.0.1/bin/server;C:/Program Files/Java/jdk-14.0.1/bin;C:\WINDOWS\system32;C:\WINDOWS;C:\WINDOWS\System32\Wbem;C:\WINDOWS\System32\WindowsPowerShell\v1.0\;C:\Program Files\Intel\WiFi\bin\;C:\Program Files\Common Files\Intel\WirelessCommon\;C:\Program Files\Java\jdk-14.0.1\bin;;C:\WINDOWS\System32\OpenSSH\;C:\Program Files\MySQL\MySQL Shell 8.0\bin\;C:\Program Files\Intel\WiFi\bin\;C:\Program Files\Common Files\Intel\WirelessCommon\;C:\Users\MSI\AppData\Local\Microsoft\WindowsApps;;C:\Users\MSI\Desktop;
USERNAME=MSI
OS=Windows_NT
PROCESSOR_IDENTIFIER=Intel64 Family 6 Model 158 Stepping 13, GenuineIntel



---------------  S Y S T E M  ---------------

OS: Windows 10 , 64 bit Build 18362 (10.0.18362.778)
OS uptime: 0 days 11:55 hours

CPU:total 12 (initial active 12) (6 cores per cpu, 2 threads per core) family 6 model 158 stepping 13, cmov, cx8, fxsr, mmx, sse, sse2, sse3, ssse3, sse4.1, sse4.2, popcnt, avx, avx2, aes, clmul, erms, 3dnowpref, lzcnt, ht, tsc, tscinvbit, bmi1, bmi2, adx, fma

Memory: 4k page, system-wide physical 16228M (3550M free)
TotalPageFile size 65331M (AvailPageFile size 163M)
current process WorkingSet (physical memory assigned to process): 225M, peak: 225M
current process commit charge ("private bytes"): 418M, peak: 724M

vm_info: Java HotSpot(TM) 64-Bit Server VM (14.0.1+7) for windows-amd64 JRE (14.0.1+7), built on Mar  5 2020 10:30:14 by "mach5one" with MS VC++ 15.9 (VS2017)

END.
